{"G:\\project\\BeliVR\\KargaBot\\src\\routes\\getAllUsers.ts": {"path":"G:\\project\\BeliVR\\KargaBot\\src\\routes\\getAllUsers.ts","statementMap":{"0":{"start":{"line":9,"column":32},"end":{"line":18,"column":6}},"1":{"start":{"line":20,"column":4},"end":{"line":20,"column":25}},"2":{"start":{"line":21,"column":4},"end":{"line":21,"column":24}},"3":{"start":{"line":8,"column":0},"end":{"line":8,"column":24}}},"fnMap":{"0":{"name":"getAllUsers","decl":{"start":{"line":8,"column":24},"end":{"line":8,"column":35}},"loc":{"start":{"line":8,"column":63},"end":{"line":22,"column":1}}}},"branchMap":{},"s":{"0":1,"1":1,"2":1,"3":1},"f":{"0":1},"b":{}}
}
